{
  "stats": {
    "suites": 1,
    "tests": 7,
    "passes": 7,
    "pending": 0,
    "failures": 0,
    "start": "2023-01-23T14:43:21.665Z",
    "end": "2023-01-23T14:43:31.617Z",
    "duration": 9952,
    "testsRegistered": 7,
    "passPercent": 100,
    "pendingPercent": 0,
    "other": 0,
    "hasOther": false,
    "skipped": 0,
    "hasSkipped": false
  },
  "results": [
    {
      "uuid": "eea34934-49d6-4f21-ab18-a37b85a373be",
      "title": "",
      "fullFile": "cypress/e2e/1-getting-started/login.cy.js",
      "file": "cypress/e2e/1-getting-started/login.cy.js",
      "beforeHooks": [],
      "afterHooks": [],
      "tests": [],
      "suites": [
        {
          "uuid": "61acde16-2ca3-4c5c-8e28-514218e9ac96",
          "title": "Login functionality and security",
          "fullFile": "",
          "file": "",
          "beforeHooks": [],
          "afterHooks": [],
          "tests": [
            {
              "title": "displays the login form",
              "fullTitle": "Login functionality and security displays the login form",
              "timedOut": null,
              "duration": 1948,
              "state": "passed",
              "speed": "fast",
              "pass": true,
              "fail": false,
              "pending": false,
              "context": null,
              "code": "cy.get('.login-container').should('be.visible');\ncy.get('[id=\"email\"]').should('be.visible');\ncy.get('[id=\"password\"]').should('be.visible');\ncy.get('[test-id=\"sign-in\"]').should('be.visible');",
              "err": {},
              "uuid": "cec94ed4-33a6-4054-965b-947f2467b05d",
              "parentUUID": "61acde16-2ca3-4c5c-8e28-514218e9ac96",
              "isHook": false,
              "skipped": false
            },
            {
              "title": "allows the user to enter their credentials and login",
              "fullTitle": "Login functionality and security allows the user to enter their credentials and login",
              "timedOut": null,
              "duration": 1270,
              "state": "passed",
              "speed": "fast",
              "pass": true,
              "fail": false,
              "pending": false,
              "context": null,
              "code": "cy.get('[id=\"email\"]').type('testuser1@example.com');\ncy.get('[id=\"password\"]').type('testpassword');\ncy.get('[test-id=\"sign-in\"]').click();",
              "err": {},
              "uuid": "87168cff-6287-40a1-b2dd-cf3254f3b2ae",
              "parentUUID": "61acde16-2ca3-4c5c-8e28-514218e9ac96",
              "isHook": false,
              "skipped": false
            },
            {
              "title": "prompts the user to enter their credentials if they try to login without entering any information",
              "fullTitle": "Login functionality and security prompts the user to enter their credentials if they try to login without entering any information",
              "timedOut": null,
              "duration": 1012,
              "state": "passed",
              "speed": "fast",
              "pass": true,
              "fail": false,
              "pending": false,
              "context": null,
              "code": "cy.get('[test-id=\"sign-in\"]').click();\ncy.get('[data-test-id=\"alert\"]').should('contain', 'Email address can\\'t be empty');",
              "err": {},
              "uuid": "58a3aadf-84a9-4e9b-968f-544f540ea4f1",
              "parentUUID": "61acde16-2ca3-4c5c-8e28-514218e9ac96",
              "isHook": false,
              "skipped": false
            },
            {
              "title": "notifies the user if their login credentials are incorrect",
              "fullTitle": "Login functionality and security notifies the user if their login credentials are incorrect",
              "timedOut": null,
              "duration": 1193,
              "state": "passed",
              "speed": "fast",
              "pass": true,
              "fail": false,
              "pending": false,
              "context": null,
              "code": "cy.get('[id=\"email\"]').type('testuser@example.com');\ncy.get('[id=\"password\"]').type('wrongpassword');\ncy.get('[test-id=\"sign-in\"]').click();\ncy.get('[data-test-id=\"alert\"]').should('contain', 'Wrong email address or password');",
              "err": {},
              "uuid": "bf39d7f5-8811-4b0f-9f04-fab8274fd675",
              "parentUUID": "61acde16-2ca3-4c5c-8e28-514218e9ac96",
              "isHook": false,
              "skipped": false
            },
            {
              "title": "redirects the user to the correct page after successful login",
              "fullTitle": "Login functionality and security redirects the user to the correct page after successful login",
              "timedOut": null,
              "duration": 1557,
              "state": "passed",
              "speed": "fast",
              "pass": true,
              "fail": false,
              "pending": false,
              "context": null,
              "code": "cy.get('[id=\"email\"]').type('candidate_user@cymulate.com');\ncy.get('[id=\"password\"]').type('Aa123456');\ncy.get('[test-id=\"sign-in\"]').click();\ncy.get('[test-id=\"topbar-tab\"]').should('be.visible');",
              "err": {},
              "uuid": "44e4e85a-ed27-4fa6-b93c-1e2e30729e6d",
              "parentUUID": "61acde16-2ca3-4c5c-8e28-514218e9ac96",
              "isHook": false,
              "skipped": false
            },
            {
              "title": "reset password",
              "fullTitle": "Login functionality and security reset password",
              "timedOut": null,
              "duration": 1608,
              "state": "passed",
              "speed": "fast",
              "pass": true,
              "fail": false,
              "pending": false,
              "context": null,
              "code": "cy.contains('Forgot my password').click();\ncy.url().should('include', '/forgot');\ncy.get('[id=\"email\"]').type('candidate_user@cymulate.com');\ncy.get('[test-id=\"send\"]').click();\ncy.get('.login-container').should('contain', 'An email with details on how to reset your password Has been sent to candidate_user@cymulate.com');",
              "err": {},
              "uuid": "6d81141e-7cb9-4553-b4d3-f049eb71b517",
              "parentUUID": "61acde16-2ca3-4c5c-8e28-514218e9ac96",
              "isHook": false,
              "skipped": false
            },
            {
              "title": "is secure and data is encrypted",
              "fullTitle": "Login functionality and security is secure and data is encrypted",
              "timedOut": null,
              "duration": 516,
              "state": "passed",
              "speed": "fast",
              "pass": true,
              "fail": false,
              "pending": false,
              "context": null,
              "code": "cy.url().should('include', 'https://');\ncy.request({\n  url: 'https://app.cymulate.com/login',\n  failOnStatusCode: false\n}).then(response => {\n  expect(response.status).to.eq(200);\n  expect(response.headers).to.have.property('content-type');\n  expect(response.headers).to.have.property('strict-transport-security');\n  expect(response.headers).to.have.property('x-dns-prefetch-control');\n  expect(response.headers).to.have.property('x-frame-options');\n  expect(response.headers).to.have.property('x-xss-protection');\n});",
              "err": {},
              "uuid": "7baefa70-05fc-4481-ad21-ab4625673856",
              "parentUUID": "61acde16-2ca3-4c5c-8e28-514218e9ac96",
              "isHook": false,
              "skipped": false
            }
          ],
          "suites": [],
          "passes": [
            "cec94ed4-33a6-4054-965b-947f2467b05d",
            "87168cff-6287-40a1-b2dd-cf3254f3b2ae",
            "58a3aadf-84a9-4e9b-968f-544f540ea4f1",
            "bf39d7f5-8811-4b0f-9f04-fab8274fd675",
            "44e4e85a-ed27-4fa6-b93c-1e2e30729e6d",
            "6d81141e-7cb9-4553-b4d3-f049eb71b517",
            "7baefa70-05fc-4481-ad21-ab4625673856"
          ],
          "failures": [],
          "pending": [],
          "skipped": [],
          "duration": 9104,
          "root": false,
          "rootEmpty": false,
          "_timeout": 2000
        }
      ],
      "passes": [],
      "failures": [],
      "pending": [],
      "skipped": [],
      "duration": 0,
      "root": true,
      "rootEmpty": true,
      "_timeout": 2000
    }
  ],
  "meta": {
    "mocha": {
      "version": "7.0.1"
    },
    "mochawesome": {
      "options": {
        "quiet": false,
        "reportFilename": "mochawesome",
        "saveHtml": true,
        "saveJson": true,
        "consoleReporter": "spec",
        "useInlineDiffs": false,
        "code": true
      },
      "version": "7.1.3"
    },
    "marge": {
      "options": null,
      "version": "6.2.0"
    }
  }
}