{
  "stats": {
    "suites": 1,
    "tests": 8,
    "passes": 8,
    "pending": 0,
    "failures": 0,
    "start": "2023-01-23T16:59:16.466Z",
    "end": "2023-01-23T16:59:31.210Z",
    "duration": 14744,
    "testsRegistered": 8,
    "passPercent": 100,
    "pendingPercent": 0,
    "other": 0,
    "hasOther": false,
    "skipped": 0,
    "hasSkipped": false
  },
  "results": [
    {
      "uuid": "920817fd-edb1-41f1-a15f-2915f4d09c1c",
      "title": "",
      "fullFile": "cypress/e2e/1-getting-started/login.cy.js",
      "file": "cypress/e2e/1-getting-started/login.cy.js",
      "beforeHooks": [],
      "afterHooks": [],
      "tests": [],
      "suites": [
        {
          "uuid": "788e3c5c-4f0b-44ba-80fb-6c4e11e5532b",
          "title": "Login functionality and security",
          "fullFile": "",
          "file": "",
          "beforeHooks": [],
          "afterHooks": [],
          "tests": [
            {
              "title": "displays the login form",
              "fullTitle": "Login functionality and security displays the login form",
              "timedOut": null,
              "duration": 2273,
              "state": "passed",
              "speed": "fast",
              "pass": true,
              "fail": false,
              "pending": false,
              "context": null,
              "code": "cy.get('.login-container').should('be.visible');\ncy.get('[id=\"email\"]').should('be.visible');\ncy.get('[id=\"password\"]').should('be.visible');\ncy.get('[test-id=\"sign-in\"]').should('be.visible');",
              "err": {},
              "uuid": "7ba3a3ea-2b77-4190-9b72-67f91853a4d6",
              "parentUUID": "788e3c5c-4f0b-44ba-80fb-6c4e11e5532b",
              "isHook": false,
              "skipped": false
            },
            {
              "title": "allows the user to enter their credentials and login",
              "fullTitle": "Login functionality and security allows the user to enter their credentials and login",
              "timedOut": null,
              "duration": 1261,
              "state": "passed",
              "speed": "fast",
              "pass": true,
              "fail": false,
              "pending": false,
              "context": null,
              "code": "cy.get('[id=\"email\"]').type('testuser1@example.com');\ncy.get('[id=\"password\"]').type('testpassword');\ncy.get('[test-id=\"sign-in\"]').click();",
              "err": {},
              "uuid": "1912bb5f-0abc-40dc-b6a2-cf415b30517b",
              "parentUUID": "788e3c5c-4f0b-44ba-80fb-6c4e11e5532b",
              "isHook": false,
              "skipped": false
            },
            {
              "title": "prompts the user to enter their credentials if they try to login without entering any information",
              "fullTitle": "Login functionality and security prompts the user to enter their credentials if they try to login without entering any information",
              "timedOut": null,
              "duration": 1075,
              "state": "passed",
              "speed": "fast",
              "pass": true,
              "fail": false,
              "pending": false,
              "context": null,
              "code": "cy.get('[test-id=\"sign-in\"]').click();\ncy.get('[data-test-id=\"alert\"]').should('contain', 'Email address can\\'t be empty');",
              "err": {},
              "uuid": "cd5bd2a6-abac-4fae-a940-c5133c363741",
              "parentUUID": "788e3c5c-4f0b-44ba-80fb-6c4e11e5532b",
              "isHook": false,
              "skipped": false
            },
            {
              "title": "notifies the user if their login credentials are incorrect",
              "fullTitle": "Login functionality and security notifies the user if their login credentials are incorrect",
              "timedOut": null,
              "duration": 1180,
              "state": "passed",
              "speed": "fast",
              "pass": true,
              "fail": false,
              "pending": false,
              "context": null,
              "code": "cy.get('[id=\"email\"]').type('testuser@example.com');\ncy.get('[id=\"password\"]').type('wrongpassword');\ncy.get('[test-id=\"sign-in\"]').click();\ncy.get('[data-test-id=\"alert\"]').should('contain', 'Wrong email address or password');",
              "err": {},
              "uuid": "83199376-4514-47af-aef1-6dd372a57b7f",
              "parentUUID": "788e3c5c-4f0b-44ba-80fb-6c4e11e5532b",
              "isHook": false,
              "skipped": false
            },
            {
              "title": "redirects the user to the correct page after successful login",
              "fullTitle": "Login functionality and security redirects the user to the correct page after successful login",
              "timedOut": null,
              "duration": 1642,
              "state": "passed",
              "speed": "fast",
              "pass": true,
              "fail": false,
              "pending": false,
              "context": null,
              "code": "cy.get('[id=\"email\"]').type('candidate_user@cymulate.com');\ncy.get('[id=\"password\"]').type('Aa123456');\ncy.get('[test-id=\"sign-in\"]').click();\ncy.get('[test-id=\"topbar-tab\"]').should('be.visible');",
              "err": {},
              "uuid": "467fe8cb-2c4e-4fe6-aa62-c01d452173f9",
              "parentUUID": "788e3c5c-4f0b-44ba-80fb-6c4e11e5532b",
              "isHook": false,
              "skipped": false
            },
            {
              "title": "waf attack validation",
              "fullTitle": "Login functionality and security waf attack validation",
              "timedOut": null,
              "duration": 3709,
              "state": "passed",
              "speed": "fast",
              "pass": true,
              "fail": false,
              "pending": false,
              "context": null,
              "code": "cy.visit('https://app.cymulate.com/global_report');\ncy.get('[id=\"email\"]').type('candidate_user@cymulate.com');\ncy.get('[id=\"password\"]').type('Aa123456');\ncy.get('[test-id=\"sign-in\"]').click();\ncy.get('[class=\"btn-cymulate empty\"]').click();\ncy.get('[class=\"table-row attack-item-container\"]').click();\n//validate the WAF URL at the following way https://ekslabs.cymulatedev.com\ncy.get('[class=\"report-summary-data\"]').should('contain', 'https://ekslabs.cymulatedev.com');\n//validate the assessment status that is completed\ncy.get('[class=\"cymulate-tag-design green\"]').should('contain', 'Completed');\n//validate the overall score: 29.\ncy.get('[class=\"report-score-container\"]').should('contain', '29');",
              "err": {},
              "uuid": "17e2052c-e9b9-4f9f-a4db-b5c5f362b342",
              "parentUUID": "788e3c5c-4f0b-44ba-80fb-6c4e11e5532b",
              "isHook": false,
              "skipped": false
            },
            {
              "title": "reset password",
              "fullTitle": "Login functionality and security reset password",
              "timedOut": null,
              "duration": 1567,
              "state": "passed",
              "speed": "fast",
              "pass": true,
              "fail": false,
              "pending": false,
              "context": null,
              "code": "cy.contains('Forgot my password').click();\ncy.url().should('include', '/forgot');\ncy.get('[id=\"email\"]').type('candidate_user@cymulate.com');\ncy.get('[test-id=\"send\"]').click();\ncy.get('.login-container').should('contain', 'An email with details on how to reset your password Has been sent to candidate_user@cymulate.com');",
              "err": {},
              "uuid": "332968bc-52f1-44b4-b9c9-937e138906d6",
              "parentUUID": "788e3c5c-4f0b-44ba-80fb-6c4e11e5532b",
              "isHook": false,
              "skipped": false
            },
            {
              "title": "is secure and data is encrypted",
              "fullTitle": "Login functionality and security is secure and data is encrypted",
              "timedOut": null,
              "duration": 1142,
              "state": "passed",
              "speed": "fast",
              "pass": true,
              "fail": false,
              "pending": false,
              "context": null,
              "code": "cy.url().should('include', 'https://');\ncy.request({\n  url: 'https://app.cymulate.com/login',\n  failOnStatusCode: false\n}).then(response => {\n  expect(response.status).to.eq(200);\n  expect(response.headers).to.have.property('content-type');\n  expect(response.headers).to.have.property('strict-transport-security');\n  expect(response.headers).to.have.property('x-dns-prefetch-control');\n  expect(response.headers).to.have.property('x-frame-options');\n  expect(response.headers).to.have.property('x-xss-protection');\n});",
              "err": {},
              "uuid": "d35d1759-6d1a-4a72-a52f-e333641ea3b3",
              "parentUUID": "788e3c5c-4f0b-44ba-80fb-6c4e11e5532b",
              "isHook": false,
              "skipped": false
            }
          ],
          "suites": [],
          "passes": [
            "7ba3a3ea-2b77-4190-9b72-67f91853a4d6",
            "1912bb5f-0abc-40dc-b6a2-cf415b30517b",
            "cd5bd2a6-abac-4fae-a940-c5133c363741",
            "83199376-4514-47af-aef1-6dd372a57b7f",
            "467fe8cb-2c4e-4fe6-aa62-c01d452173f9",
            "17e2052c-e9b9-4f9f-a4db-b5c5f362b342",
            "332968bc-52f1-44b4-b9c9-937e138906d6",
            "d35d1759-6d1a-4a72-a52f-e333641ea3b3"
          ],
          "failures": [],
          "pending": [],
          "skipped": [],
          "duration": 13849,
          "root": false,
          "rootEmpty": false,
          "_timeout": 2000
        }
      ],
      "passes": [],
      "failures": [],
      "pending": [],
      "skipped": [],
      "duration": 0,
      "root": true,
      "rootEmpty": true,
      "_timeout": 2000
    }
  ],
  "meta": {
    "mocha": {
      "version": "7.0.1"
    },
    "mochawesome": {
      "options": {
        "quiet": false,
        "reportFilename": "mochawesome",
        "saveHtml": true,
        "saveJson": true,
        "consoleReporter": "spec",
        "useInlineDiffs": false,
        "code": true
      },
      "version": "7.1.3"
    },
    "marge": {
      "options": null,
      "version": "6.2.0"
    }
  }
}